<?xml version="1.0" encoding="UTF-8"?>
<!-- Generated by org.testng.reporters.JUnitXMLReporter -->
<testsuite hostname="Administrators-MacBook-Air.local" ignored="0" name="Login" tests="1" failures="1" timestamp="17 Jan 2019 13:23:52 GMT" time="0.113" errors="0">
  <testcase name="login_TC" time="0.039" classname="tests.LoginTest">
    <failure type="java.lang.NullPointerException">
      <![CDATA[java.lang.NullPointerExceptionat com.google.common.base.Preconditions.checkNotNull(Preconditions.java:212)at org.openqa.selenium.support.ui.FluentWait.<init>(FluentWait.java:102)at org.openqa.selenium.support.ui.FluentWait.<init>(FluentWait.java:93)at pages.BasePage.waitForCondition(BasePage.java:25)at pages.LoginPage.setUserName(LoginPage.java:27)at tests.LoginTest.login_TC(LoginTest.java:14)... Removed 28 stack frames]]>
    </failure>
  </testcase> <!-- login_TC -->
</testsuite> <!-- Login -->
