<?xml version="1.0" encoding="UTF-8"?>
<!-- Generated by org.testng.reporters.JUnitXMLReporter -->
<testsuite hostname="Administrators-MacBook-Air.local" ignored="0" name="Transaction" tests="3" failures="0" timestamp="17 Jan 2019 13:24:07 GMT" time="15.163" errors="0">
  <testcase name="Login_TC" time="0.73" classname="tests.TransactionTest"/>
  <testcase name="Transaction_TC" time="9.324" classname="tests.TransactionTest"/>
  <testcase name="Transaction_TC" time="5.105" classname="tests.TransactionTest"/>
</testsuite> <!-- Transaction -->
