<?xml version="1.0" encoding="UTF-8"?>
<!-- Generated by org.testng.reporters.JUnitXMLReporter -->
<testsuite hostname="Administrators-MacBook-Air.local" ignored="0" name="d" tests="3" failures="0" timestamp="17 Jan 2019 13:20:56 GMT" time="13.965" errors="0">
  <testcase name="Login_TC" time="0.916" classname="tests.TransactionTest"/>
  <testcase name="Transaction_TC" time="8.648" classname="tests.TransactionTest"/>
  <testcase name="Transaction_TC" time="4.392" classname="tests.TransactionTest"/>
</testsuite> <!-- d -->
