<?xml version="1.0" encoding="UTF-8"?>
<!-- Generated by org.testng.reporters.JUnitXMLReporter -->
<testsuite hostname="Administrators-MacBook-Air.local" ignored="0" name="Transaction" tests="7" failures="0" timestamp="06 Feb 2019 09:30:22 GMT" time="373.249" errors="0">
  <testcase name="Login_TC" time="7.591" classname="am.TransactionSuite.TransactionTest"/>
  <testcase name="Transaction_TC" time="54.257" classname="am.TransactionSuite.TransactionTest"/>
  <testcase name="Transaction_TC" time="68.546" classname="am.TransactionSuite.TransactionTest"/>
  <testcase name="Transaction_TC" time="56.109" classname="am.TransactionSuite.TransactionTest"/>
  <testcase name="Transaction_TC" time="56.728" classname="am.TransactionSuite.TransactionTest"/>
  <testcase name="Transaction_TC" time="68.111" classname="am.TransactionSuite.TransactionTest"/>
  <testcase name="Transaction_TC" time="50.448" classname="am.TransactionSuite.TransactionTest"/>
</testsuite> <!-- Transaction -->
