<?xml version="1.0" encoding="UTF-8"?>
<testng-results skipped="0" failed="0" ignored="0" total="6" passed="6">
  <reporter-output>
  </reporter-output>
  <suite name="Transfer" duration-ms="316078" started-at="2019-02-06T12:20:47Z" finished-at="2019-02-06T12:26:03Z">
    <groups>
    </groups>
    <test name="Transaction" duration-ms="316078" started-at="2019-02-06T12:20:47Z" finished-at="2019-02-06T12:26:03Z">
      <class name="am.TransactionSuite.TransactionTest">
        <test-method status="PASS" signature="beforeClass()[pri:0, instance:am.TransactionSuite.TransactionTest@129a8472]" name="beforeClass" is-config="true" duration-ms="9499" started-at="2019-02-06T16:20:47Z" finished-at="2019-02-06T16:20:57Z">
          <reporter-output>
          </reporter-output>
        </test-method> <!-- beforeClass -->
        <test-method status="PASS" signature="Login_TC(tests.TestData)[pri:0, instance:am.TransactionSuite.TransactionTest@129a8472]" name="Login_TC" duration-ms="7187" started-at="2019-02-06T16:20:57Z" data-provider="getData" finished-at="2019-02-06T16:21:04Z">
          <params>
            <param index="0">
              <value>
                <![CDATA[tests.TestData@76b1e9b8]]>
              </value>
            </param>
          </params>
          <reporter-output>
          </reporter-output>
        </test-method> <!-- Login_TC -->
        <test-method status="PASS" signature="Transaction_TC(tests.TestData)[pri:1, instance:am.TransactionSuite.TransactionTest@129a8472]" name="Transaction_TC" duration-ms="63226" started-at="2019-02-06T16:21:04Z" data-provider="getData" depends-on-methods="am.TransactionSuite.TransactionTest.Login_TC" finished-at="2019-02-06T16:22:07Z">
          <params>
            <param index="0">
              <value>
                <![CDATA[tests.TestData@27406a17]]>
              </value>
            </param>
          </params>
          <reporter-output>
          </reporter-output>
        </test-method> <!-- Transaction_TC -->
        <test-method status="PASS" signature="Transaction_TC(tests.TestData)[pri:1, instance:am.TransactionSuite.TransactionTest@129a8472]" name="Transaction_TC" duration-ms="51259" started-at="2019-02-06T16:22:07Z" data-provider="getData" depends-on-methods="am.TransactionSuite.TransactionTest.Login_TC" finished-at="2019-02-06T16:22:59Z">
          <params>
            <param index="0">
              <value>
                <![CDATA[tests.TestData@2af004b]]>
              </value>
            </param>
          </params>
          <reporter-output>
          </reporter-output>
        </test-method> <!-- Transaction_TC -->
        <test-method status="PASS" signature="Transaction_TC(tests.TestData)[pri:1, instance:am.TransactionSuite.TransactionTest@129a8472]" name="Transaction_TC" duration-ms="66789" started-at="2019-02-06T16:22:59Z" data-provider="getData" depends-on-methods="am.TransactionSuite.TransactionTest.Login_TC" finished-at="2019-02-06T16:24:05Z">
          <params>
            <param index="0">
              <value>
                <![CDATA[tests.TestData@248e319b]]>
              </value>
            </param>
          </params>
          <reporter-output>
          </reporter-output>
        </test-method> <!-- Transaction_TC -->
        <test-method status="PASS" signature="Transaction_TC(tests.TestData)[pri:1, instance:am.TransactionSuite.TransactionTest@129a8472]" name="Transaction_TC" duration-ms="53129" started-at="2019-02-06T16:24:05Z" data-provider="getData" depends-on-methods="am.TransactionSuite.TransactionTest.Login_TC" finished-at="2019-02-06T16:24:59Z">
          <params>
            <param index="0">
              <value>
                <![CDATA[tests.TestData@5d0bf09b]]>
              </value>
            </param>
          </params>
          <reporter-output>
          </reporter-output>
        </test-method> <!-- Transaction_TC -->
        <test-method status="PASS" signature="Transaction_TC(tests.TestData)[pri:1, instance:am.TransactionSuite.TransactionTest@129a8472]" name="Transaction_TC" duration-ms="64111" started-at="2019-02-06T16:24:59Z" data-provider="getData" depends-on-methods="am.TransactionSuite.TransactionTest.Login_TC" finished-at="2019-02-06T16:26:03Z">
          <params>
            <param index="0">
              <value>
                <![CDATA[tests.TestData@793f29ff]]>
              </value>
            </param>
          </params>
          <reporter-output>
          </reporter-output>
        </test-method> <!-- Transaction_TC -->
        <test-method status="PASS" signature="afterClass()[pri:0, instance:am.TransactionSuite.TransactionTest@129a8472]" name="afterClass" is-config="true" duration-ms="647" started-at="2019-02-06T16:26:03Z" finished-at="2019-02-06T16:26:03Z">
          <reporter-output>
          </reporter-output>
        </test-method> <!-- afterClass -->
      </class> <!-- am.TransactionSuite.TransactionTest -->
    </test> <!-- Transaction -->
  </suite> <!-- Transfer -->
</testng-results>
