<?xml version="1.0" encoding="UTF-8"?>
<testng-results skipped="0" failed="1" ignored="0" total="4" passed="3">
  <reporter-output>
  </reporter-output>
  <suite name="Transfer" duration-ms="15503" started-at="2019-01-17T13:23:52Z" finished-at="2019-01-17T13:24:07Z">
    <groups>
    </groups>
    <test name="Login" duration-ms="113" started-at="2019-01-17T13:23:52Z" finished-at="2019-01-17T13:23:52Z">
      <class name="tests.LoginTest">
        <test-method status="FAIL" signature="login_TC(java.lang.String, java.lang.String)[pri:0, instance:tests.LoginTest@d041cf]" name="login_TC" duration-ms="39" started-at="2019-01-17T17:23:52Z" finished-at="2019-01-17T17:23:52Z">
          <params>
            <param index="0">
              <value>
                <![CDATA[alik.hakobyan.arm@gmail.com]]>
              </value>
            </param>
            <param index="1">
              <value>
                <![CDATA[md89_f=ma]]>
              </value>
            </param>
          </params>
          <exception class="java.lang.NullPointerException">
            <full-stacktrace>
              <![CDATA[java.lang.NullPointerExceptionat com.google.common.base.Preconditions.checkNotNull(Preconditions.java:212)at org.openqa.selenium.support.ui.FluentWait.<init>(FluentWait.java:102)at org.openqa.selenium.support.ui.FluentWait.<init>(FluentWait.java:93)at pages.BasePage.waitForCondition(BasePage.java:25)at pages.LoginPage.setUserName(LoginPage.java:27)at tests.LoginTest.login_TC(LoginTest.java:14)at sun.reflect.NativeMethodAccessorImpl.invoke0(Native Method)at sun.reflect.NativeMethodAccessorImpl.invoke(NativeMethodAccessorImpl.java:62)at sun.reflect.DelegatingMethodAccessorImpl.invoke(DelegatingMethodAccessorImpl.java:43)at java.lang.reflect.Method.invoke(Method.java:498)at org.testng.internal.MethodInvocationHelper.invokeMethod(MethodInvocationHelper.java:124)at org.testng.internal.Invoker.invokeMethod(Invoker.java:571)at org.testng.internal.Invoker.invokeTestMethod(Invoker.java:707)at org.testng.internal.Invoker.invokeTestMethods(Invoker.java:979)at org.testng.internal.TestMethodWorker.invokeTestMethods(TestMethodWorker.java:125)at org.testng.internal.TestMethodWorker.run(TestMethodWorker.java:109)at org.testng.TestRunner.privateRun(TestRunner.java:648)at org.testng.TestRunner.run(TestRunner.java:505)at org.testng.SuiteRunner.runTest(SuiteRunner.java:455)at org.testng.SuiteRunner.runSequentially(SuiteRunner.java:450)at org.testng.SuiteRunner.privateRun(SuiteRunner.java:415)at org.testng.SuiteRunner.run(SuiteRunner.java:364)at org.testng.SuiteRunnerWorker.runSuite(SuiteRunnerWorker.java:52)at org.testng.SuiteRunnerWorker.run(SuiteRunnerWorker.java:84)at org.testng.TestNG.runSuitesSequentially(TestNG.java:1187)at org.testng.TestNG.runSuitesLocally(TestNG.java:1116)at org.testng.TestNG.runSuites(TestNG.java:1028)at org.testng.TestNG.run(TestNG.java:996)at org.apache.maven.surefire.testng.TestNGExecutor.run(TestNGExecutor.java:295)at org.apache.maven.surefire.testng.TestNGXmlTestSuite.execute(TestNGXmlTestSuite.java:84)at org.apache.maven.surefire.testng.TestNGProvider.invoke(TestNGProvider.java:90)at org.apache.maven.surefire.booter.ForkedBooter.invokeProviderInSameClassLoader(ForkedBooter.java:203)at org.apache.maven.surefire.booter.ForkedBooter.runSuitesInProcess(ForkedBooter.java:155)at org.apache.maven.surefire.booter.ForkedBooter.main(ForkedBooter.java:103)]]>
            </full-stacktrace>
          </exception> <!-- java.lang.NullPointerException -->
          <reporter-output>
          </reporter-output>
        </test-method> <!-- login_TC -->
      </class> <!-- tests.LoginTest -->
    </test> <!-- Login -->
    <test name="Transaction" duration-ms="15163" started-at="2019-01-17T13:23:52Z" finished-at="2019-01-17T13:24:07Z">
      <class name="tests.TransactionTest">
        <test-method status="PASS" signature="beforeSuite()[pri:0, instance:tests.TransactionTest@57829d67]" name="beforeSuite" is-config="true" duration-ms="5736" started-at="2019-01-17T17:23:46Z" finished-at="2019-01-17T17:23:52Z">
          <reporter-output>
          </reporter-output>
        </test-method> <!-- beforeSuite -->
        <test-method status="PASS" signature="Login_TC(java.lang.String, java.lang.String)[pri:0, instance:tests.TransactionTest@57829d67]" name="Login_TC" duration-ms="730" started-at="2019-01-17T17:23:52Z" finished-at="2019-01-17T17:23:53Z">
          <params>
            <param index="0">
              <value>
                <![CDATA[alik.hakobyan.arm@gmail.com]]>
              </value>
            </param>
            <param index="1">
              <value>
                <![CDATA[md89_f=ma]]>
              </value>
            </param>
          </params>
          <reporter-output>
          </reporter-output>
        </test-method> <!-- Login_TC -->
        <test-method status="PASS" signature="Transaction_TC(java.lang.String, java.lang.String)[pri:1, instance:tests.TransactionTest@57829d67]" name="Transaction_TC" duration-ms="9324" started-at="2019-01-17T17:23:53Z" finished-at="2019-01-17T17:24:02Z">
          <params>
            <param index="0">
              <value>
                <![CDATA[Ameriabank]]>
              </value>
            </param>
            <param index="1">
              <value>
                <![CDATA[100000]]>
              </value>
            </param>
          </params>
          <reporter-output>
          </reporter-output>
        </test-method> <!-- Transaction_TC -->
        <test-method status="PASS" signature="Transaction_TC(java.lang.String, java.lang.String)[pri:1, instance:tests.TransactionTest@57829d67]" name="Transaction_TC" duration-ms="5105" started-at="2019-01-17T17:24:02Z" finished-at="2019-01-17T17:24:07Z">
          <params>
            <param index="0">
              <value>
                <![CDATA[Ameriabank]]>
              </value>
            </param>
            <param index="1">
              <value>
                <![CDATA[100000]]>
              </value>
            </param>
          </params>
          <reporter-output>
          </reporter-output>
        </test-method> <!-- Transaction_TC -->
        <test-method status="PASS" signature="afterSuite()[pri:0, instance:tests.TransactionTest@57829d67]" name="afterSuite" is-config="true" duration-ms="274" started-at="2019-01-17T17:24:07Z" finished-at="2019-01-17T17:24:07Z">
          <reporter-output>
          </reporter-output>
        </test-method> <!-- afterSuite -->
      </class> <!-- tests.TransactionTest -->
    </test> <!-- Transaction -->
  </suite> <!-- Transfer -->
</testng-results>
